[debug] [2022-02-15T20:07:50.334Z] ----------------------------------------------------------------------
[debug] [2022-02-15T20:07:50.337Z] Command:       D:\Installed\node\node.exe C:\Users\anas\AppData\Roaming\npm\node_modules\firebase-tools\lib\bin\firebase.js deploy
[debug] [2022-02-15T20:07:50.337Z] CLI Version:   10.2.0
[debug] [2022-02-15T20:07:50.337Z] Platform:      win32
[debug] [2022-02-15T20:07:50.337Z] Node Version:  v14.17.6
[debug] [2022-02-15T20:07:50.339Z] Time:          Wed Feb 16 2022 01:07:50 GMT+0500 (Pakistan Standard Time)
[debug] [2022-02-15T20:07:50.339Z] ----------------------------------------------------------------------
[debug] 
[debug] [2022-02-15T20:07:50.432Z] > command requires scopes: ["email","openid","https://www.googleapis.com/auth/cloudplatformprojects.readonly","https://www.googleapis.com/auth/firebase","https://www.googleapis.com/auth/cloud-platform"]
[debug] [2022-02-15T20:07:50.432Z] > authorizing via signed-in user (ajmirza98@gmail.com)
[debug] [2022-02-15T20:07:50.432Z] [iam] checking project tesla-clone-2022 for permissions ["firebase.projects.get","firebasehosting.sites.update"]
[debug] [2022-02-15T20:07:50.435Z] >>> [apiv2][query] POST https://cloudresourcemanager.googleapis.com/v1/projects/tesla-clone-2022:testIamPermissions [none]
[debug] [2022-02-15T20:07:50.435Z] >>> [apiv2][body] POST https://cloudresourcemanager.googleapis.com/v1/projects/tesla-clone-2022:testIamPermissions {"permissions":["firebase.projects.get","firebasehosting.sites.update"]}
[debug] [2022-02-15T20:07:53.286Z] <<< [apiv2][status] POST https://cloudresourcemanager.googleapis.com/v1/projects/tesla-clone-2022:testIamPermissions 200
[debug] [2022-02-15T20:07:53.287Z] <<< [apiv2][body] POST https://cloudresourcemanager.googleapis.com/v1/projects/tesla-clone-2022:testIamPermissions {"permissions":["firebase.projects.get","firebasehosting.sites.update"]}
[debug] [2022-02-15T20:07:53.289Z] >>> [apiv2][query] GET https://firebase.googleapis.com/v1beta1/projects/tesla-clone-2022 [none]
[debug] [2022-02-15T20:07:54.267Z] <<< [apiv2][status] GET https://firebase.googleapis.com/v1beta1/projects/tesla-clone-2022 200
[debug] [2022-02-15T20:07:54.267Z] <<< [apiv2][body] GET https://firebase.googleapis.com/v1beta1/projects/tesla-clone-2022 {"projectId":"tesla-clone-2022","projectNumber":"331871604793","displayName":"Tesla-Clone-2022","name":"projects/tesla-clone-2022","resources":{"hostingSite":"tesla-clone-2022"},"state":"ACTIVE"}
[info] 
[info] === Deploying to 'tesla-clone-2022'...
[info] 
[info] i  deploying hosting 
[debug] [2022-02-15T20:07:54.286Z] > refreshing access token with scopes: ["email","https://www.googleapis.com/auth/cloud-platform","https://www.googleapis.com/auth/cloudplatformprojects.readonly","https://www.googleapis.com/auth/firebase","openid"]
[debug] [2022-02-15T20:07:54.287Z] >>> HTTP REQUEST POST https://www.googleapis.com/oauth2/v3/token  
 <request body omitted>
[debug] [2022-02-15T20:07:55.183Z] <<< HTTP RESPONSE 200 {"date":"Tue, 15 Feb 2022 20:07:55 GMT","cache-control":"no-cache, no-store, max-age=0, must-revalidate","pragma":"no-cache","expires":"Mon, 01 Jan 1990 00:00:00 GMT","content-type":"application/json; charset=utf-8","vary":"X-Origin, Referer, Origin,Accept-Encoding","server":"scaffolding on HTTPServer2","x-xss-protection":"0","x-frame-options":"SAMEORIGIN","x-content-type-options":"nosniff","alt-svc":"h3=\":443\"; ma=2592000,h3-29=\":443\"; ma=2592000,h3-Q050=\":443\"; ma=2592000,h3-Q046=\":443\"; ma=2592000,h3-Q043=\":443\"; ma=2592000,quic=\":443\"; ma=2592000; v=\"46,43\"","accept-ranges":"none","transfer-encoding":"chunked"}
[debug] [2022-02-15T20:07:55.230Z] >>> HTTP REQUEST POST https://firebasehosting.googleapis.com/v1beta1/sites/tesla-clone-2022/versions  
 {"config":{"rewrites":[{"glob":"**","path":"/index.html"}]},"labels":{"deployment-tool":"cli-firebase"}}
[debug] [2022-02-15T20:07:57.725Z] <<< HTTP RESPONSE 200 {"content-type":"application/json; charset=UTF-8","vary":"X-Origin, Referer, Origin,Accept-Encoding","date":"Tue, 15 Feb 2022 20:07:57 GMT","server":"ESF","cache-control":"private","x-xss-protection":"0","x-frame-options":"SAMEORIGIN","x-content-type-options":"nosniff","alt-svc":"h3=\":443\"; ma=2592000,h3-29=\":443\"; ma=2592000,h3-Q050=\":443\"; ma=2592000,h3-Q046=\":443\"; ma=2592000,h3-Q043=\":443\"; ma=2592000,quic=\":443\"; ma=2592000; v=\"46,43\"","accept-ranges":"none","transfer-encoding":"chunked"}
[info] i  hosting[tesla-clone-2022]: beginning deploy... 
[info] i  hosting[tesla-clone-2022]: found 49 files in build 
[debug] [2022-02-15T20:07:57.798Z] > refreshing access token with scopes: []
[debug] [2022-02-15T20:07:57.799Z] >>> HTTP REQUEST POST https://www.googleapis.com/oauth2/v3/token  
 <request body omitted>
[debug] [2022-02-15T20:07:57.801Z] [hosting] hash cache [YnVpbGQ] stored for 49 files
[debug] [2022-02-15T20:07:57.801Z] [hosting][hash queue][FINAL] {"max":8,"min":0,"avg":0,"active":0,"complete":49,"success":49,"errored":0,"retried":0,"total":49,"elapsed":11}
[debug] [2022-02-15T20:07:59.278Z] <<< HTTP RESPONSE 200 {"cache-control":"no-cache, no-store, max-age=0, must-revalidate","pragma":"no-cache","expires":"Mon, 01 Jan 1990 00:00:00 GMT","date":"Tue, 15 Feb 2022 20:07:58 GMT","content-type":"application/json; charset=utf-8","vary":"X-Origin, Referer, Origin,Accept-Encoding","server":"scaffolding on HTTPServer2","x-xss-protection":"0","x-frame-options":"SAMEORIGIN","x-content-type-options":"nosniff","alt-svc":"h3=\":443\"; ma=2592000,h3-29=\":443\"; ma=2592000,h3-Q050=\":443\"; ma=2592000,h3-Q046=\":443\"; ma=2592000,h3-Q043=\":443\"; ma=2592000,quic=\":443\"; ma=2592000; v=\"46,43\"","accept-ranges":"none","transfer-encoding":"chunked"}
[debug] [2022-02-15T20:07:59.336Z] >>> [apiv2][query] POST https://firebasehosting.googleapis.com/v1beta1/sites/tesla-clone-2022/versions/f91479a00a3c1918:populateFiles [none]
[debug] [2022-02-15T20:07:59.336Z] >>> [apiv2][body] POST https://firebasehosting.googleapis.com/v1beta1/sites/tesla-clone-2022/versions/f91479a00a3c1918:populateFiles {"files":{"/asset-manifest.json":"77f6f72a843b94af63dcee55896d4c330cdd28b2259af5bc48eddf87c736848a","/favicon.ico":"eae62e993eb980ec8a25058c39d5a51feab118bd2100c4deebb2a9c158ec11f9","/index.html":"bbdaeb13d834651253f786d7fd023a2eae442a2ad0094bfa1404cf2b1fb1ba7f","/logo192.png":"3ee59515172ee198f3be375979df15ac5345183e656720a381b8872b2a39dc8b","/logo512.png":"ee7e2f3fdb8209c4b6fd7bef6ba50d1b9dba30a25bb5c3126df057e1cb6f5331","/manifest.json":"aff3449bdc238776f5d6d967f19ec491b36aed5fb7f23ccff6500736fd58494a","/robots.txt":"bfe106a3fb878dc83461c86818bf74fc1bdc7f28538ba613cd3e775516ce8b49","/fonts/Rubik/OFL.txt":"b645803f25a5e19ecbec0b95c0ff40c27e55a681f2f5562b42b786851dfae48c","/fonts/Rubik/README.txt":"edacdd0fa57143f54c313a6cfd97573af8da2ec290a0ae71743694de70da9cb0","/fonts/Rubik/Rubik-Italic-VariableFont_wght.ttf":"70dc0e8ddebc3a2e36b572dadfd690ea234198b1ad6079e6aa5c44400c6130f7","/fonts/Rubik/Rubik-VariableFont_wght.ttf":"29f67a72db295ed4b7a5a194c310b157a1877e6fc94e75191e25127c1dc00801","/fonts/Rubik/static/Rubik-Black.ttf":"1eab0a1ba33b64b5806917395c0c750a0d7e38d3986eb6b89e3de931bb8380fe","/fonts/Rubik/static/Rubik-BlackItalic.ttf":"c9692abb5edcd881b79af98ee389efac983196f035c6f5d7a385ef8e0817874d","/fonts/Rubik/static/Rubik-Bold.ttf":"20d509a87258539d03ad934fc423d6f7a5731fd53ad4612e72de668460f1f6a9","/fonts/Rubik/static/Rubik-BoldItalic.ttf":"aeee7b48b281ec13c1bcf566868f5312d15bde4ee212f242076f564d1749f240","/fonts/Rubik/static/Rubik-ExtraBold.ttf":"2ab2825129228f487ad6985c93e892b6eb755225642c153b06641f780cee973d","/fonts/Rubik/static/Rubik-ExtraBoldItalic.ttf":"8b11a42679f3b90f393e60498b009c2453d10a6cab2866fcd42aaafcf2d8590c","/fonts/Rubik/static/Rubik-Italic.ttf":"e0201fd40c7c21eec3a25e87ba493d14e7cbd38a5c92fbc1fe56e873a8e56da3","/fonts/Rubik/static/Rubik-Light.ttf":"6998b2744b2821c73a57da7fa9b580d5bb2c737e7d7a0f26bc6deee11e78e2b0","/fonts/Rubik/static/Rubik-LightItalic.ttf":"07d7a824f61328c3c82237d38d835787be7bca400d548e8f99c7e03b84defae0","/fonts/Rubik/static/Rubik-Medium.ttf":"4d370cea79275f53d43c4ac392a365156af07efd7a12365670d307831108955f","/fonts/Rubik/static/Rubik-MediumItalic.ttf":"7177615461ffe552764fabc6d6a41b8c8f774100335042fa9f3f31d060a2a48b","/fonts/Rubik/static/Rubik-Regular.ttf":"c4e03cd89199758ab21f5198056fe4eaf2d598a28b94781ac2b97a4b1eb376cf","/fonts/Rubik/static/Rubik-SemiBold.ttf":"c6bfdc5b44a3752b0be9cf5f60ba26140871700c70cbed4f5f448efec94a93a1","/fonts/Rubik/static/Rubik-SemiBoldItalic.ttf":"afeec14e331e2d6d518cbb9f8ba8f97c67c393a3938f4f27a344e772d91f3122","/images/images/accessories.jpg":"44befa4c6dabfdd1366875421d2aa581211d8de7ca6a40908fea92a6387e780c","/images/images/audio.jpg":"2535dd89cca30d15bc23d0a89e3c6f81cf571bf7eaa1b0ce4fda97febd0260b1","/images/images/connected.jpg":"ab8d6a57e23f28331c3bf440039a458d101e31f66dbc45798751664f9205b600","/images/images/down-arrow.png":"d7c1b9f87d46c828d5009e151fc00ed751e7cf8b29694520d22814e162e6e934","/images/images/down-arrow.svg":"45993dbda7df3d90b57142e3e0d7bb912e8045d490d1f08da95ea353f36c1a55","/images/images/favicon.ico":"70263ff2b3b6bccc259616d23c425015b5f44055361264888eaa7b23ba410c02","/images/images/game.jpg":"2069a085c31e9374908bd3b1cf5025ab6f07b9f8d50e64272132ba11929fefd3","/images/images/logo.svg":"4481d711bd8da03b423c33b5ca3ea957c7e7559ccce5b8801e8e361a1ba2466f","/images/images/model-3.jpg":"00e08283d1cbbd52ab787d13c1093486e081389339136c5bac44dd79aa771062","/images/images/model-s.jpg":"2eec341ec2f5b758232776782fad421b2dd74f71a1460a1a092ef96e0844e1ec","/images/images/model-x.jpg":"6758617a211b8d6235afeb3dc831efaa3f347d2732fd9983323bd7e9434be014","/images/images/model-y.jpg":"f6bcaf407e504cc64d32408a956baeee119b857d0bbe60ba8c94649244cecb13","/images/images/new-interior.jpg":"aabe5f888464b9fb596cdc7be6b09f4148cc8cd7a758f61fe492075c2452282f","/images/images/solar-panel.jpg":"8d71d8050dcab99d5c910f2d06464bd2619dbe963b7c86df2329e1c2288c72e9","/images/images/solar-roof.jpg":"40420f1fa293a2cea48adff2dd64d412542081e58d859a5f20612e907077adfa","/static/css/main.5c4ba5df.css":"066fd643be26edc4154e724ee77e6351d34ac24fdcbfd7e6b1fb9ed30dd9b3c3","/static/css/main.5c4ba5df.css.map":"b93ad4a0855ec0f094a3486db7551c200200bc8c5aaf90c7c53da4e71be88664","/static/js/787.860837ff.chunk.js":"ebbc3ae31824790296be030c83a0932fc112824554c45ea73853654ff14cea9a","/static/js/787.860837ff.chunk.js.map":"35cf8a4a98970289627c82c1bc30a85f83ca4ae769f716c8add8c0efab01aad5","/static/js/main.2b139d70.js":"600e6a514accb7c15cf7cd5b205b0681694bc0195a5ad67435de793d5aa257c4","/static/js/main.2b139d70.js.LICENSE.txt":"0b0e70d09c213b86630767fc87808eeea744465bbe9b83cad45d2fe26b48f970","/static/js/main.2b139d70.js.map":"6f207a2430b84a9dfc0c27c2bfef0e6a6a7366cac30c3cdc8d5bf41ec8f0020a","/static/media/logo.6ce24c58023cc2f8fd88fe9d219db6c6.svg":"ac1a3d8899432561573d6a5cf56459437c09b902599a1deb91c0f8d4bb40459d","/static/media/Rubik-Regular.da39336cfcac7980f2f1.ttf":"c4e03cd89199758ab21f5198056fe4eaf2d598a28b94781ac2b97a4b1eb376cf"}}
